<?xml version="1.0" encoding="UTF-8"?>
<testng-results ignored="0" total="1" passed="1" failed="0" skipped="0">
  <reporter-output>
  </reporter-output>
  <suite started-at="2023-06-12T18:04:03 IST" name="com.hybrid_frames" finished-at="2023-06-12T18:04:18 IST" duration-ms="14766">
    <groups>
    </groups>
    <test started-at="2023-06-12T18:04:03 IST" name="lumacart test" finished-at="2023-06-12T18:04:18 IST" duration-ms="14766">
      <class name="com.lumacart.testcases.Tc_001_login">
        <test-method is-config="true" signature="setup(java.lang.String)[pri:0, instance:com.lumacart.testcases.Tc_001_login@31fa1761]" started-at="2023-06-12T18:04:03 IST" name="setup" finished-at="2023-06-12T18:04:08 IST" duration-ms="4348" status="PASS">
          <params>
            <param index="0">
              <value>
                <![CDATA[chrome]]>
              </value>
            </param>
          </params>
          <reporter-output>
          </reporter-output>
        </test-method> <!-- setup -->
        <test-method signature="logintest()[pri:0, instance:com.lumacart.testcases.Tc_001_login@31fa1761]" started-at="2023-06-12T18:04:08 IST" name="logintest" finished-at="2023-06-12T18:04:18 IST" duration-ms="10388" status="PASS">
          <reporter-output>
          </reporter-output>
        </test-method> <!-- logintest -->
      </class> <!-- com.lumacart.testcases.Tc_001_login -->
    </test> <!-- lumacart test -->
  </suite> <!-- com.hybrid_frames -->
</testng-results>
